
> pig-dice@1.0.0 start
> npm run build && webpack-dev-server --open --mode development


> pig-dice@1.0.0 build
> webpack --mode development

Hash: a08eabe75abbf645da3b
Version: webpack 4.39.3
Time: 702ms
Built at: 02/01/2022 4:06:25 PM
     Asset      Size  Chunks             Chunk Names
 bundle.js   815 KiB    main  [emitted]  main
index.html  1.14 KiB          [emitted]  
Entrypoint main = bundle.js
[./node_modules/css-loader/dist/cjs.js!./src/css/styles.css] 672 bytes {main} [built]
[./src/css/styles.css] 526 bytes {main} [built]
[./src/dice-logic.js] 660 bytes {main} [built]
[./src/index.js] 1.23 KiB {main} [built]
    + 64 hidden modules
Child html-webpack-plugin for "index.html":
     1 asset
    Entrypoint undefined = index.html
    [./node_modules/html-webpack-plugin/lib/loader.js!./src/index.html] 1.32 KiB {0} [built]
    [./node_modules/webpack/buildin/global.js] (webpack)/buildin/global.js 472 bytes {0} [built]
    [./node_modules/webpack/buildin/module.js] (webpack)/buildin/module.js 497 bytes {0} [built]
        + 1 hidden module
[34mi[39m [90m｢wds｣[39m: Project is running at http://localhost:8080/
[34mi[39m [90m｢wds｣[39m: webpack output is served from /
[34mi[39m [90m｢wds｣[39m: Content not from webpack is served from C:\Users\alexm\Downloads\pig-dice-main\pig-dice-main
[34mi[39m [90m｢wdm｣[39m: wait until bundle finished: /
[34mi[39m [90m｢wdm｣[39m: Hash: 5e7224e324119fa52842
Version: webpack 4.39.3
Time: 883ms
Built at: 02/01/2022 4:06:27 PM
     Asset      Size  Chunks             Chunk Names
 bundle.js  1.15 MiB    main  [emitted]  main
index.html  1.14 KiB          [emitted]  
Entrypoint main = bundle.js
[0] multi (webpack)-dev-server/client?http://localhost:8080 ./src/index.js 40 bytes {main} [built]
[./node_modules/bootstrap/dist/css/bootstrap.min.css] 513 bytes {main} [built]
[./node_modules/bootstrap/dist/js/bootstrap.esm.js] 136 KiB {main} [built]
[./node_modules/jquery/dist/jquery.js] 282 KiB {main} [built]
[./node_modules/webpack-dev-server/client/index.js?http://localhost:8080] (webpack)-dev-server/client?http://localhost:8080 4.29 KiB {main} [built]
[./node_modules/webpack-dev-server/client/overlay.js] (webpack)-dev-server/client/overlay.js 3.51 KiB {main} [built]
[./node_modules/webpack-dev-server/client/socket.js] (webpack)-dev-server/client/socket.js 1.53 KiB {main} [built]
[./node_modules/webpack-dev-server/client/utils/createSocketUrl.js] (webpack)-dev-server/client/utils/createSocketUrl.js 2.85 KiB {main} [built]
[./node_modules/webpack-dev-server/client/utils/log.js] (webpack)-dev-server/client/utils/log.js 964 bytes {main} [built]
[./node_modules/webpack-dev-server/client/utils/reloadApp.js] (webpack)-dev-server/client/utils/reloadApp.js 1.59 KiB {main} [built]
[./node_modules/webpack-dev-server/client/utils/sendMessage.js] (webpack)-dev-server/client/utils/sendMessage.js 402 bytes {main} [built]
[./node_modules/webpack-dev-server/node_modules/strip-ansi/index.js] (webpack)-dev-server/node_modules/strip-ansi/index.js 161 bytes {main} [built]
[./node_modules/webpack/hot sync ^\.\/log$] (webpack)/hot sync nonrecursive ^\.\/log$ 170 bytes {main} [built]
[./src/css/styles.css] 526 bytes {main} [built]
[./src/index.js] 1.23 KiB {main} [built]
    + 86 hidden modules
Child html-webpack-plugin for "index.html":
     1 asset
    Entrypoint undefined = index.html
    [./node_modules/html-webpack-plugin/lib/loader.js!./src/index.html] 1.32 KiB {0} [built]
    [./node_modules/lodash/lodash.js] 531 KiB {0} [built]
    [./node_modules/webpack/buildin/global.js] (webpack)/buildin/global.js 472 bytes {0} [built]
    [./node_modules/webpack/buildin/module.js] (webpack)/buildin/module.js 497 bytes {0} [built]
[34mi[39m [90m｢wdm｣[39m: Compiled successfully.
[34mi[39m [90m｢wdm｣[39m: Compiling...
[34mi[39m [90m｢wdm｣[39m: Hash: c6f50ab9d770e3170550
Version: webpack 4.39.3
Time: 64ms
Built at: 02/01/2022 4:18:53 PM
     Asset      Size  Chunks             Chunk Names
index.html  1.14 KiB          [emitted]  
 + 1 hidden asset
Entrypoint main = bundle.js
[./src/index.js] 1.23 KiB {main} [built]
    + 100 hidden modules
Child html-webpack-plugin for "index.html":
     1 asset
    Entrypoint undefined = index.html
       4 modules
[34mi[39m [90m｢wdm｣[39m: Compiled successfully.
